<?xml version="1.0" encoding="UTF-8"?>
<coverage generated="1697898376226" clover="3.2.0">
  <project timestamp="1697898376226" name="All files">
    <metrics statements="4" coveredstatements="2" conditionals="0" coveredconditionals="0" methods="1" coveredmethods="1" elements="5" coveredelements="3" complexity="0" loc="4" ncloc="4" packages="1" files="2" classes="2"/>
    <file name="App.tsx" path="/home/sasan/workshop/webpack-ts-react/src/App.tsx">
      <metrics statements="2" coveredstatements="2" conditionals="0" coveredconditionals="0" methods="1" coveredmethods="1"/>
      <line num="1" count="1" type="stmt"/>
      <line num="2" count="1" type="stmt"/>
    </file>
    <file name="index.tsx" path="/home/sasan/workshop/webpack-ts-react/src/index.tsx">
      <metrics statements="2" coveredstatements="0" conditionals="0" coveredconditionals="0" methods="0" coveredmethods="0"/>
      <line num="5" count="0" type="stmt"/>
      <line num="6" count="0" type="stmt"/>
    </file>
  </project>
</coverage>
